<?xml version="1.0" encoding="UTF-8"?>
<testng-results ignored="0" total="1" passed="1" failed="0" skipped="0">
  <reporter-output>
  </reporter-output>
  <suite started-at="2021-07-08T19:12:57Z" name="Suite" finished-at="2021-07-08T19:13:15Z" duration-ms="17313">
    <groups>
    </groups>
    <test started-at="2021-07-08T19:12:57Z" name="Test" finished-at="2021-07-08T19:13:15Z" duration-ms="17313">
      <class name="mavenListnerTest.Listner_test_class">
        <test-method is-config="true" signature="browserLaunch()[pri:0, instance:mavenListnerTest.Listner_test_class@43599640]" started-at="2021-07-08T19:12:57Z" name="browserLaunch" finished-at="2021-07-08T19:13:11Z" duration-ms="13187" status="PASS">
          <reporter-output>
          </reporter-output>
        </test-method> <!-- browserLaunch -->
        <test-method signature="googleTest()[pri:0, instance:mavenListnerTest.Listner_test_class@43599640]" started-at="2021-07-08T19:13:11Z" name="googleTest" finished-at="2021-07-08T19:13:11Z" duration-ms="9" status="PASS">
          <reporter-output>
          </reporter-output>
        </test-method> <!-- googleTest -->
        <test-method is-config="true" signature="teardown()[pri:0, instance:mavenListnerTest.Listner_test_class@43599640]" started-at="2021-07-08T19:13:11Z" name="teardown" finished-at="2021-07-08T19:13:15Z" duration-ms="4089" status="PASS">
          <reporter-output>
          </reporter-output>
        </test-method> <!-- teardown -->
      </class> <!-- mavenListnerTest.Listner_test_class -->
    </test> <!-- Test -->
  </suite> <!-- Suite -->
</testng-results>
