<?xml version="1.0" encoding="UTF-8"?>
<testng-results ignored="0" total="1" passed="1" failed="0" skipped="0">
  <reporter-output>
  </reporter-output>
  <suite started-at="2021-07-08T16:39:47Z" name="Default suite" finished-at="2021-07-08T16:40:16Z" duration-ms="28271">
    <groups>
    </groups>
    <test started-at="2021-07-08T16:39:47Z" name="Default test" finished-at="2021-07-08T16:40:16Z" duration-ms="28271">
      <class name="mavenListnerTest.Listner_test_class">
        <test-method is-config="true" signature="browserLaunch()[pri:0, instance:mavenListnerTest.Listner_test_class@14fa86ae]" started-at="2021-07-08T16:39:47Z" name="browserLaunch" finished-at="2021-07-08T16:40:11Z" duration-ms="23639" status="PASS">
          <reporter-output>
          </reporter-output>
        </test-method> <!-- browserLaunch -->
        <test-method signature="googleTest()[pri:0, instance:mavenListnerTest.Listner_test_class@14fa86ae]" started-at="2021-07-08T16:40:11Z" name="googleTest" finished-at="2021-07-08T16:40:11Z" duration-ms="44" status="PASS">
          <reporter-output>
          </reporter-output>
        </test-method> <!-- googleTest -->
        <test-method is-config="true" signature="teardown()[pri:0, instance:mavenListnerTest.Listner_test_class@14fa86ae]" started-at="2021-07-08T16:40:11Z" name="teardown" finished-at="2021-07-08T16:40:16Z" duration-ms="4544" status="PASS">
          <reporter-output>
          </reporter-output>
        </test-method> <!-- teardown -->
      </class> <!-- mavenListnerTest.Listner_test_class -->
    </test> <!-- Default test -->
  </suite> <!-- Default suite -->
</testng-results>
